ERROR - 2026-06-28 00:09:15 --> Error connecting to the database: mysqli_sql_exception: Access denied for user ''@'localhost' (using password: NO) in C:\xampp\htdocs\api_final\system\Database\MySQLi\Connection.php:201
Stack trace:
#0 C:\xampp\htdocs\api_final\system\Database\MySQLi\Connection.php(201): mysqli->real_connect('localhost', '', Object(SensitiveParameterValue), '', 3306, '', 0)
#1 C:\xampp\htdocs\api_final\system\Database\BaseConnection.php(419): CodeIgniter\Database\MySQLi\Connection->connect(false)
#2 C:\xampp\htdocs\api_final\system\Database\BaseConnection.php(880): CodeIgniter\Database\BaseConnection->initialize()
#3 C:\xampp\htdocs\api_final\system\Database\BaseConnection.php(814): CodeIgniter\Database\BaseConnection->transBegin(false)
#4 C:\xampp\htdocs\api_final\app\Controllers\Api\ApiController.php(41): CodeIgniter\Database\BaseConnection->transStart()
#5 C:\xampp\htdocs\api_final\system\CodeIgniter.php(951): App\Controllers\Api\ApiController->checkout()
#6 C:\xampp\htdocs\api_final\system\CodeIgniter.php(497): CodeIgniter\CodeIgniter->runController(Object(App\Controllers\Api\ApiController))
#7 C:\xampp\htdocs\api_final\system\CodeIgniter.php(340): CodeIgniter\CodeIgniter->handleRequest(NULL, Object(Config\Cache), false)
#8 C:\xampp\htdocs\api_final\system\Boot.php(417): CodeIgniter\CodeIgniter->run()
#9 C:\xampp\htdocs\api_final\system\Boot.php(68): CodeIgniter\Boot::runCodeIgniter(Object(CodeIgniter\CodeIgniter))
#10 C:\xampp\htdocs\api_final\public\index.php(59): CodeIgniter\Boot::bootWeb(Object(Config\Paths))
#11 {main}

Next CodeIgniter\Database\Exceptions\DatabaseException: Access denied for user ''@'localhost' (using password: NO) in C:\xampp\htdocs\api_final\system\Database\MySQLi\Connection.php:231
Stack trace:
#0 C:\xampp\htdocs\api_final\system\Database\BaseConnection.php(419): CodeIgniter\Database\MySQLi\Connection->connect(false)
#1 C:\xampp\htdocs\api_final\system\Database\BaseConnection.php(880): CodeIgniter\Database\BaseConnection->initialize()
#2 C:\xampp\htdocs\api_final\system\Database\BaseConnection.php(814): CodeIgniter\Database\BaseConnection->transBegin(false)
#3 C:\xampp\htdocs\api_final\app\Controllers\Api\ApiController.php(41): CodeIgniter\Database\BaseConnection->transStart()
#4 C:\xampp\htdocs\api_final\system\CodeIgniter.php(951): App\Controllers\Api\ApiController->checkout()
#5 C:\xampp\htdocs\api_final\system\CodeIgniter.php(497): CodeIgniter\CodeIgniter->runController(Object(App\Controllers\Api\ApiController))
#6 C:\xampp\htdocs\api_final\system\CodeIgniter.php(340): CodeIgniter\CodeIgniter->handleRequest(NULL, Object(Config\Cache), false)
#7 C:\xampp\htdocs\api_final\system\Boot.php(417): CodeIgniter\CodeIgniter->run()
#8 C:\xampp\htdocs\api_final\system\Boot.php(68): CodeIgniter\Boot::runCodeIgniter(Object(CodeIgniter\CodeIgniter))
#9 C:\xampp\htdocs\api_final\public\index.php(59): CodeIgniter\Boot::bootWeb(Object(Config\Paths))
#10 {main}
CRITICAL - 2026-06-28 00:09:15 --> CodeIgniter\Database\Exceptions\DatabaseException: Unable to connect to the database.
Main connection [MySQLi]: Access denied for user ''@'localhost' (using password: NO)
[Method: POST, Route: api/checkout]
in SYSTEMPATH\Database\BaseConnection.php on line 465.
 1 SYSTEMPATH\Database\BaseConnection.php(880): CodeIgniter\Database\BaseConnection->initialize()
 2 SYSTEMPATH\Database\BaseConnection.php(814): CodeIgniter\Database\BaseConnection->transBegin(false)
 3 APPPATH\Controllers\Api\ApiController.php(41): CodeIgniter\Database\BaseConnection->transStart()
 4 SYSTEMPATH\CodeIgniter.php(951): App\Controllers\Api\ApiController->checkout()
 5 SYSTEMPATH\CodeIgniter.php(497): CodeIgniter\CodeIgniter->runController(Object(App\Controllers\Api\ApiController))
 6 SYSTEMPATH\CodeIgniter.php(340): CodeIgniter\CodeIgniter->handleRequest(null, Object(Config\Cache), false)
 7 SYSTEMPATH\Boot.php(417): CodeIgniter\CodeIgniter->run()
 8 SYSTEMPATH\Boot.php(68): CodeIgniter\Boot::runCodeIgniter(Object(CodeIgniter\CodeIgniter))
 9 FCPATH\index.php(59): CodeIgniter\Boot::bootWeb(Object(Config\Paths))
ERROR - 2026-06-28 00:09:18 --> Error connecting to the database: mysqli_sql_exception: Access denied for user ''@'localhost' (using password: NO) in C:\xampp\htdocs\api_final\system\Database\MySQLi\Connection.php:201
Stack trace:
#0 C:\xampp\htdocs\api_final\system\Database\MySQLi\Connection.php(201): mysqli->real_connect('localhost', '', Object(SensitiveParameterValue), '', 3306, '', 0)
#1 C:\xampp\htdocs\api_final\system\Database\BaseConnection.php(419): CodeIgniter\Database\MySQLi\Connection->connect(false)
#2 C:\xampp\htdocs\api_final\system\Database\BaseConnection.php(880): CodeIgniter\Database\BaseConnection->initialize()
#3 C:\xampp\htdocs\api_final\system\Database\BaseConnection.php(814): CodeIgniter\Database\BaseConnection->transBegin(false)
#4 C:\xampp\htdocs\api_final\app\Controllers\Api\ApiController.php(41): CodeIgniter\Database\BaseConnection->transStart()
#5 C:\xampp\htdocs\api_final\system\CodeIgniter.php(951): App\Controllers\Api\ApiController->checkout()
#6 C:\xampp\htdocs\api_final\system\CodeIgniter.php(497): CodeIgniter\CodeIgniter->runController(Object(App\Controllers\Api\ApiController))
#7 C:\xampp\htdocs\api_final\system\CodeIgniter.php(340): CodeIgniter\CodeIgniter->handleRequest(NULL, Object(Config\Cache), false)
#8 C:\xampp\htdocs\api_final\system\Boot.php(417): CodeIgniter\CodeIgniter->run()
#9 C:\xampp\htdocs\api_final\system\Boot.php(68): CodeIgniter\Boot::runCodeIgniter(Object(CodeIgniter\CodeIgniter))
#10 C:\xampp\htdocs\api_final\public\index.php(59): CodeIgniter\Boot::bootWeb(Object(Config\Paths))
#11 {main}

Next CodeIgniter\Database\Exceptions\DatabaseException: Access denied for user ''@'localhost' (using password: NO) in C:\xampp\htdocs\api_final\system\Database\MySQLi\Connection.php:231
Stack trace:
#0 C:\xampp\htdocs\api_final\system\Database\BaseConnection.php(419): CodeIgniter\Database\MySQLi\Connection->connect(false)
#1 C:\xampp\htdocs\api_final\system\Database\BaseConnection.php(880): CodeIgniter\Database\BaseConnection->initialize()
#2 C:\xampp\htdocs\api_final\system\Database\BaseConnection.php(814): CodeIgniter\Database\BaseConnection->transBegin(false)
#3 C:\xampp\htdocs\api_final\app\Controllers\Api\ApiController.php(41): CodeIgniter\Database\BaseConnection->transStart()
#4 C:\xampp\htdocs\api_final\system\CodeIgniter.php(951): App\Controllers\Api\ApiController->checkout()
#5 C:\xampp\htdocs\api_final\system\CodeIgniter.php(497): CodeIgniter\CodeIgniter->runController(Object(App\Controllers\Api\ApiController))
#6 C:\xampp\htdocs\api_final\system\CodeIgniter.php(340): CodeIgniter\CodeIgniter->handleRequest(NULL, Object(Config\Cache), false)
#7 C:\xampp\htdocs\api_final\system\Boot.php(417): CodeIgniter\CodeIgniter->run()
#8 C:\xampp\htdocs\api_final\system\Boot.php(68): CodeIgniter\Boot::runCodeIgniter(Object(CodeIgniter\CodeIgniter))
#9 C:\xampp\htdocs\api_final\public\index.php(59): CodeIgniter\Boot::bootWeb(Object(Config\Paths))
#10 {main}
CRITICAL - 2026-06-28 00:09:18 --> CodeIgniter\Database\Exceptions\DatabaseException: Unable to connect to the database.
Main connection [MySQLi]: Access denied for user ''@'localhost' (using password: NO)
[Method: POST, Route: api/checkout]
in SYSTEMPATH\Database\BaseConnection.php on line 465.
 1 SYSTEMPATH\Database\BaseConnection.php(880): CodeIgniter\Database\BaseConnection->initialize()
 2 SYSTEMPATH\Database\BaseConnection.php(814): CodeIgniter\Database\BaseConnection->transBegin(false)
 3 APPPATH\Controllers\Api\ApiController.php(41): CodeIgniter\Database\BaseConnection->transStart()
 4 SYSTEMPATH\CodeIgniter.php(951): App\Controllers\Api\ApiController->checkout()
 5 SYSTEMPATH\CodeIgniter.php(497): CodeIgniter\CodeIgniter->runController(Object(App\Controllers\Api\ApiController))
 6 SYSTEMPATH\CodeIgniter.php(340): CodeIgniter\CodeIgniter->handleRequest(null, Object(Config\Cache), false)
 7 SYSTEMPATH\Boot.php(417): CodeIgniter\CodeIgniter->run()
 8 SYSTEMPATH\Boot.php(68): CodeIgniter\Boot::runCodeIgniter(Object(CodeIgniter\CodeIgniter))
 9 FCPATH\index.php(59): CodeIgniter\Boot::bootWeb(Object(Config\Paths))
ERROR - 2026-06-28 00:10:16 --> Error connecting to the database: mysqli_sql_exception: Access denied for user ''@'localhost' (using password: NO) in C:\xampp\htdocs\api_final\system\Database\MySQLi\Connection.php:201
Stack trace:
#0 C:\xampp\htdocs\api_final\system\Database\MySQLi\Connection.php(201): mysqli->real_connect('localhost', '', Object(SensitiveParameterValue), '', 3306, '', 0)
#1 C:\xampp\htdocs\api_final\system\Database\BaseConnection.php(419): CodeIgniter\Database\MySQLi\Connection->connect(false)
#2 C:\xampp\htdocs\api_final\system\Database\BaseConnection.php(880): CodeIgniter\Database\BaseConnection->initialize()
#3 C:\xampp\htdocs\api_final\system\Database\BaseConnection.php(814): CodeIgniter\Database\BaseConnection->transBegin(false)
#4 C:\xampp\htdocs\api_final\app\Controllers\Api\ApiController.php(41): CodeIgniter\Database\BaseConnection->transStart()
#5 C:\xampp\htdocs\api_final\system\CodeIgniter.php(951): App\Controllers\Api\ApiController->checkout()
#6 C:\xampp\htdocs\api_final\system\CodeIgniter.php(497): CodeIgniter\CodeIgniter->runController(Object(App\Controllers\Api\ApiController))
#7 C:\xampp\htdocs\api_final\system\CodeIgniter.php(340): CodeIgniter\CodeIgniter->handleRequest(NULL, Object(Config\Cache), false)
#8 C:\xampp\htdocs\api_final\system\Boot.php(417): CodeIgniter\CodeIgniter->run()
#9 C:\xampp\htdocs\api_final\system\Boot.php(68): CodeIgniter\Boot::runCodeIgniter(Object(CodeIgniter\CodeIgniter))
#10 C:\xampp\htdocs\api_final\public\index.php(59): CodeIgniter\Boot::bootWeb(Object(Config\Paths))
#11 {main}

Next CodeIgniter\Database\Exceptions\DatabaseException: Access denied for user ''@'localhost' (using password: NO) in C:\xampp\htdocs\api_final\system\Database\MySQLi\Connection.php:231
Stack trace:
#0 C:\xampp\htdocs\api_final\system\Database\BaseConnection.php(419): CodeIgniter\Database\MySQLi\Connection->connect(false)
#1 C:\xampp\htdocs\api_final\system\Database\BaseConnection.php(880): CodeIgniter\Database\BaseConnection->initialize()
#2 C:\xampp\htdocs\api_final\system\Database\BaseConnection.php(814): CodeIgniter\Database\BaseConnection->transBegin(false)
#3 C:\xampp\htdocs\api_final\app\Controllers\Api\ApiController.php(41): CodeIgniter\Database\BaseConnection->transStart()
#4 C:\xampp\htdocs\api_final\system\CodeIgniter.php(951): App\Controllers\Api\ApiController->checkout()
#5 C:\xampp\htdocs\api_final\system\CodeIgniter.php(497): CodeIgniter\CodeIgniter->runController(Object(App\Controllers\Api\ApiController))
#6 C:\xampp\htdocs\api_final\system\CodeIgniter.php(340): CodeIgniter\CodeIgniter->handleRequest(NULL, Object(Config\Cache), false)
#7 C:\xampp\htdocs\api_final\system\Boot.php(417): CodeIgniter\CodeIgniter->run()
#8 C:\xampp\htdocs\api_final\system\Boot.php(68): CodeIgniter\Boot::runCodeIgniter(Object(CodeIgniter\CodeIgniter))
#9 C:\xampp\htdocs\api_final\public\index.php(59): CodeIgniter\Boot::bootWeb(Object(Config\Paths))
#10 {main}
CRITICAL - 2026-06-28 00:10:16 --> CodeIgniter\Database\Exceptions\DatabaseException: Unable to connect to the database.
Main connection [MySQLi]: Access denied for user ''@'localhost' (using password: NO)
[Method: POST, Route: api/checkout]
in SYSTEMPATH\Database\BaseConnection.php on line 465.
 1 SYSTEMPATH\Database\BaseConnection.php(880): CodeIgniter\Database\BaseConnection->initialize()
 2 SYSTEMPATH\Database\BaseConnection.php(814): CodeIgniter\Database\BaseConnection->transBegin(false)
 3 APPPATH\Controllers\Api\ApiController.php(41): CodeIgniter\Database\BaseConnection->transStart()
 4 SYSTEMPATH\CodeIgniter.php(951): App\Controllers\Api\ApiController->checkout()
 5 SYSTEMPATH\CodeIgniter.php(497): CodeIgniter\CodeIgniter->runController(Object(App\Controllers\Api\ApiController))
 6 SYSTEMPATH\CodeIgniter.php(340): CodeIgniter\CodeIgniter->handleRequest(null, Object(Config\Cache), false)
 7 SYSTEMPATH\Boot.php(417): CodeIgniter\CodeIgniter->run()
 8 SYSTEMPATH\Boot.php(68): CodeIgniter\Boot::runCodeIgniter(Object(CodeIgniter\CodeIgniter))
 9 FCPATH\index.php(59): CodeIgniter\Boot::bootWeb(Object(Config\Paths))
ERROR - 2026-06-28 00:10:57 --> Error connecting to the database: mysqli_sql_exception: Access denied for user ''@'localhost' (using password: NO) in C:\xampp\htdocs\api_final\system\Database\MySQLi\Connection.php:201
Stack trace:
#0 C:\xampp\htdocs\api_final\system\Database\MySQLi\Connection.php(201): mysqli->real_connect('localhost', '', Object(SensitiveParameterValue), '', 3306, '', 0)
#1 C:\xampp\htdocs\api_final\system\Database\BaseConnection.php(419): CodeIgniter\Database\MySQLi\Connection->connect(false)
#2 C:\xampp\htdocs\api_final\system\Database\BaseConnection.php(880): CodeIgniter\Database\BaseConnection->initialize()
#3 C:\xampp\htdocs\api_final\system\Database\BaseConnection.php(814): CodeIgniter\Database\BaseConnection->transBegin(false)
#4 C:\xampp\htdocs\api_final\app\Controllers\Api\ApiController.php(41): CodeIgniter\Database\BaseConnection->transStart()
#5 C:\xampp\htdocs\api_final\system\CodeIgniter.php(951): App\Controllers\Api\ApiController->checkout()
#6 C:\xampp\htdocs\api_final\system\CodeIgniter.php(497): CodeIgniter\CodeIgniter->runController(Object(App\Controllers\Api\ApiController))
#7 C:\xampp\htdocs\api_final\system\CodeIgniter.php(340): CodeIgniter\CodeIgniter->handleRequest(NULL, Object(Config\Cache), false)
#8 C:\xampp\htdocs\api_final\system\Boot.php(417): CodeIgniter\CodeIgniter->run()
#9 C:\xampp\htdocs\api_final\system\Boot.php(68): CodeIgniter\Boot::runCodeIgniter(Object(CodeIgniter\CodeIgniter))
#10 C:\xampp\htdocs\api_final\public\index.php(59): CodeIgniter\Boot::bootWeb(Object(Config\Paths))
#11 {main}

Next CodeIgniter\Database\Exceptions\DatabaseException: Access denied for user ''@'localhost' (using password: NO) in C:\xampp\htdocs\api_final\system\Database\MySQLi\Connection.php:231
Stack trace:
#0 C:\xampp\htdocs\api_final\system\Database\BaseConnection.php(419): CodeIgniter\Database\MySQLi\Connection->connect(false)
#1 C:\xampp\htdocs\api_final\system\Database\BaseConnection.php(880): CodeIgniter\Database\BaseConnection->initialize()
#2 C:\xampp\htdocs\api_final\system\Database\BaseConnection.php(814): CodeIgniter\Database\BaseConnection->transBegin(false)
#3 C:\xampp\htdocs\api_final\app\Controllers\Api\ApiController.php(41): CodeIgniter\Database\BaseConnection->transStart()
#4 C:\xampp\htdocs\api_final\system\CodeIgniter.php(951): App\Controllers\Api\ApiController->checkout()
#5 C:\xampp\htdocs\api_final\system\CodeIgniter.php(497): CodeIgniter\CodeIgniter->runController(Object(App\Controllers\Api\ApiController))
#6 C:\xampp\htdocs\api_final\system\CodeIgniter.php(340): CodeIgniter\CodeIgniter->handleRequest(NULL, Object(Config\Cache), false)
#7 C:\xampp\htdocs\api_final\system\Boot.php(417): CodeIgniter\CodeIgniter->run()
#8 C:\xampp\htdocs\api_final\system\Boot.php(68): CodeIgniter\Boot::runCodeIgniter(Object(CodeIgniter\CodeIgniter))
#9 C:\xampp\htdocs\api_final\public\index.php(59): CodeIgniter\Boot::bootWeb(Object(Config\Paths))
#10 {main}
CRITICAL - 2026-06-28 00:10:57 --> CodeIgniter\Database\Exceptions\DatabaseException: Unable to connect to the database.
Main connection [MySQLi]: Access denied for user ''@'localhost' (using password: NO)
[Method: POST, Route: api/checkout]
in SYSTEMPATH\Database\BaseConnection.php on line 465.
 1 SYSTEMPATH\Database\BaseConnection.php(880): CodeIgniter\Database\BaseConnection->initialize()
 2 SYSTEMPATH\Database\BaseConnection.php(814): CodeIgniter\Database\BaseConnection->transBegin(false)
 3 APPPATH\Controllers\Api\ApiController.php(41): CodeIgniter\Database\BaseConnection->transStart()
 4 SYSTEMPATH\CodeIgniter.php(951): App\Controllers\Api\ApiController->checkout()
 5 SYSTEMPATH\CodeIgniter.php(497): CodeIgniter\CodeIgniter->runController(Object(App\Controllers\Api\ApiController))
 6 SYSTEMPATH\CodeIgniter.php(340): CodeIgniter\CodeIgniter->handleRequest(null, Object(Config\Cache), false)
 7 SYSTEMPATH\Boot.php(417): CodeIgniter\CodeIgniter->run()
 8 SYSTEMPATH\Boot.php(68): CodeIgniter\Boot::runCodeIgniter(Object(CodeIgniter\CodeIgniter))
 9 FCPATH\index.php(59): CodeIgniter\Boot::bootWeb(Object(Config\Paths))
ERROR - 2026-06-28 00:11:33 --> Error connecting to the database: mysqli_sql_exception: Access denied for user ''@'localhost' (using password: NO) in C:\xampp\htdocs\api_final\system\Database\MySQLi\Connection.php:201
Stack trace:
#0 C:\xampp\htdocs\api_final\system\Database\MySQLi\Connection.php(201): mysqli->real_connect('localhost', '', Object(SensitiveParameterValue), '', 3306, '', 0)
#1 C:\xampp\htdocs\api_final\system\Database\BaseConnection.php(419): CodeIgniter\Database\MySQLi\Connection->connect(false)
#2 C:\xampp\htdocs\api_final\system\Database\BaseConnection.php(880): CodeIgniter\Database\BaseConnection->initialize()
#3 C:\xampp\htdocs\api_final\system\Database\BaseConnection.php(814): CodeIgniter\Database\BaseConnection->transBegin(false)
#4 C:\xampp\htdocs\api_final\app\Controllers\Api\ApiController.php(42): CodeIgniter\Database\BaseConnection->transStart()
#5 C:\xampp\htdocs\api_final\system\CodeIgniter.php(951): App\Controllers\Api\ApiController->checkout()
#6 C:\xampp\htdocs\api_final\system\CodeIgniter.php(497): CodeIgniter\CodeIgniter->runController(Object(App\Controllers\Api\ApiController))
#7 C:\xampp\htdocs\api_final\system\CodeIgniter.php(340): CodeIgniter\CodeIgniter->handleRequest(NULL, Object(Config\Cache), false)
#8 C:\xampp\htdocs\api_final\system\Boot.php(417): CodeIgniter\CodeIgniter->run()
#9 C:\xampp\htdocs\api_final\system\Boot.php(68): CodeIgniter\Boot::runCodeIgniter(Object(CodeIgniter\CodeIgniter))
#10 C:\xampp\htdocs\api_final\public\index.php(59): CodeIgniter\Boot::bootWeb(Object(Config\Paths))
#11 {main}

Next CodeIgniter\Database\Exceptions\DatabaseException: Access denied for user ''@'localhost' (using password: NO) in C:\xampp\htdocs\api_final\system\Database\MySQLi\Connection.php:231
Stack trace:
#0 C:\xampp\htdocs\api_final\system\Database\BaseConnection.php(419): CodeIgniter\Database\MySQLi\Connection->connect(false)
#1 C:\xampp\htdocs\api_final\system\Database\BaseConnection.php(880): CodeIgniter\Database\BaseConnection->initialize()
#2 C:\xampp\htdocs\api_final\system\Database\BaseConnection.php(814): CodeIgniter\Database\BaseConnection->transBegin(false)
#3 C:\xampp\htdocs\api_final\app\Controllers\Api\ApiController.php(42): CodeIgniter\Database\BaseConnection->transStart()
#4 C:\xampp\htdocs\api_final\system\CodeIgniter.php(951): App\Controllers\Api\ApiController->checkout()
#5 C:\xampp\htdocs\api_final\system\CodeIgniter.php(497): CodeIgniter\CodeIgniter->runController(Object(App\Controllers\Api\ApiController))
#6 C:\xampp\htdocs\api_final\system\CodeIgniter.php(340): CodeIgniter\CodeIgniter->handleRequest(NULL, Object(Config\Cache), false)
#7 C:\xampp\htdocs\api_final\system\Boot.php(417): CodeIgniter\CodeIgniter->run()
#8 C:\xampp\htdocs\api_final\system\Boot.php(68): CodeIgniter\Boot::runCodeIgniter(Object(CodeIgniter\CodeIgniter))
#9 C:\xampp\htdocs\api_final\public\index.php(59): CodeIgniter\Boot::bootWeb(Object(Config\Paths))
#10 {main}
ERROR - 2026-06-28 00:11:48 --> Error connecting to the database: mysqli_sql_exception: Unknown database 'projeto_api' in C:\xampp\htdocs\api_final\system\Database\MySQLi\Connection.php:201
Stack trace:
#0 C:\xampp\htdocs\api_final\system\Database\MySQLi\Connection.php(201): mysqli->real_connect('localhost', 'root', Object(SensitiveParameterValue), 'projeto_api', 3306, '', 0)
#1 C:\xampp\htdocs\api_final\system\Database\BaseConnection.php(419): CodeIgniter\Database\MySQLi\Connection->connect(false)
#2 C:\xampp\htdocs\api_final\system\Database\BaseConnection.php(880): CodeIgniter\Database\BaseConnection->initialize()
#3 C:\xampp\htdocs\api_final\system\Database\BaseConnection.php(814): CodeIgniter\Database\BaseConnection->transBegin(false)
#4 C:\xampp\htdocs\api_final\app\Controllers\Api\ApiController.php(42): CodeIgniter\Database\BaseConnection->transStart()
#5 C:\xampp\htdocs\api_final\system\CodeIgniter.php(951): App\Controllers\Api\ApiController->checkout()
#6 C:\xampp\htdocs\api_final\system\CodeIgniter.php(497): CodeIgniter\CodeIgniter->runController(Object(App\Controllers\Api\ApiController))
#7 C:\xampp\htdocs\api_final\system\CodeIgniter.php(340): CodeIgniter\CodeIgniter->handleRequest(NULL, Object(Config\Cache), false)
#8 C:\xampp\htdocs\api_final\system\Boot.php(417): CodeIgniter\CodeIgniter->run()
#9 C:\xampp\htdocs\api_final\system\Boot.php(68): CodeIgniter\Boot::runCodeIgniter(Object(CodeIgniter\CodeIgniter))
#10 C:\xampp\htdocs\api_final\public\index.php(59): CodeIgniter\Boot::bootWeb(Object(Config\Paths))
#11 {main}

Next CodeIgniter\Database\Exceptions\DatabaseException: Unknown database 'projeto_api' in C:\xampp\htdocs\api_final\system\Database\MySQLi\Connection.php:231
Stack trace:
#0 C:\xampp\htdocs\api_final\system\Database\BaseConnection.php(419): CodeIgniter\Database\MySQLi\Connection->connect(false)
#1 C:\xampp\htdocs\api_final\system\Database\BaseConnection.php(880): CodeIgniter\Database\BaseConnection->initialize()
#2 C:\xampp\htdocs\api_final\system\Database\BaseConnection.php(814): CodeIgniter\Database\BaseConnection->transBegin(false)
#3 C:\xampp\htdocs\api_final\app\Controllers\Api\ApiController.php(42): CodeIgniter\Database\BaseConnection->transStart()
#4 C:\xampp\htdocs\api_final\system\CodeIgniter.php(951): App\Controllers\Api\ApiController->checkout()
#5 C:\xampp\htdocs\api_final\system\CodeIgniter.php(497): CodeIgniter\CodeIgniter->runController(Object(App\Controllers\Api\ApiController))
#6 C:\xampp\htdocs\api_final\system\CodeIgniter.php(340): CodeIgniter\CodeIgniter->handleRequest(NULL, Object(Config\Cache), false)
#7 C:\xampp\htdocs\api_final\system\Boot.php(417): CodeIgniter\CodeIgniter->run()
#8 C:\xampp\htdocs\api_final\system\Boot.php(68): CodeIgniter\Boot::runCodeIgniter(Object(CodeIgniter\CodeIgniter))
#9 C:\xampp\htdocs\api_final\public\index.php(59): CodeIgniter\Boot::bootWeb(Object(Config\Paths))
#10 {main}
ERROR - 2026-06-28 00:21:08 --> Column 'id_produto' cannot be null
in SYSTEMPATH\Database\MySQLi\Connection.php on line 300.
 1 SYSTEMPATH\Database\MySQLi\Connection.php(300): mysqli->query('INSERT INTO `pedido_produtos` (`id_pedido`, `id_produto`, `quantidade`, `preco_unitario`, `created_at`, `updated_at`) VALUES (2, NULL, 1, 5.9, \'2026-06-28 00:21:08\', \'2026-06-28 00:21:08\')', 0)
 2 SYSTEMPATH\Database\BaseConnection.php(769): CodeIgniter\Database\MySQLi\Connection->execute('INSERT INTO `pedido_produtos` (`id_pedido`, `id_produto`, `quantidade`, `preco_unitario`, `created_at`, `updated_at`) VALUES (2, NULL, 1, 5.9, \'2026-06-28 00:21:08\', \'2026-06-28 00:21:08\')')
 3 SYSTEMPATH\Database\BaseConnection.php(686): CodeIgniter\Database\BaseConnection->simpleQuery('INSERT INTO `pedido_produtos` (`id_pedido`, `id_produto`, `quantidade`, `preco_unitario`, `created_at`, `updated_at`) VALUES (2, NULL, 1, 5.9, \'2026-06-28 00:21:08\', \'2026-06-28 00:21:08\')')
 4 SYSTEMPATH\Database\BaseBuilder.php(2345): CodeIgniter\Database\BaseConnection->query('INSERT INTO `pedido_produtos` (`id_pedido`, `id_produto`, `quantidade`, `preco_unitario`, `created_at`, `updated_at`) VALUES (:id_pedido:, :id_produto:, :quantidade:, :preco_unitario:, :created_at:, :updated_at:)', [...], false)
 5 SYSTEMPATH\Model.php(356): CodeIgniter\Database\BaseBuilder->insert()
 6 SYSTEMPATH\BaseModel.php(898): CodeIgniter\Model->doInsert([...])
 7 SYSTEMPATH\Model.php(665): CodeIgniter\BaseModel->insert([...], true)
 8 APPPATH\Controllers\Api\ApiController.php(50): CodeIgniter\Model->insert([...])
 9 SYSTEMPATH\CodeIgniter.php(951): App\Controllers\Api\ApiController->checkout()
10 SYSTEMPATH\CodeIgniter.php(497): CodeIgniter\CodeIgniter->runController(Object(App\Controllers\Api\ApiController))
11 SYSTEMPATH\CodeIgniter.php(340): CodeIgniter\CodeIgniter->handleRequest(null, Object(Config\Cache), false)
12 SYSTEMPATH\Boot.php(417): CodeIgniter\CodeIgniter->run()
13 SYSTEMPATH\Boot.php(68): CodeIgniter\Boot::runCodeIgniter(Object(CodeIgniter\CodeIgniter))
14 FCPATH\index.php(59): CodeIgniter\Boot::bootWeb(Object(Config\Paths))
ERROR - 2026-06-28 00:22:11 --> Column 'id_produto' cannot be null
in SYSTEMPATH\Database\MySQLi\Connection.php on line 300.
 1 SYSTEMPATH\Database\MySQLi\Connection.php(300): mysqli->query('INSERT INTO `pedido_produtos` (`id_pedido`, `id_produto`, `quantidade`, `preco_unitario`, `created_at`, `updated_at`) VALUES (3, NULL, 1, 5.9, \'2026-06-28 00:22:11\', \'2026-06-28 00:22:11\')', 0)
 2 SYSTEMPATH\Database\BaseConnection.php(769): CodeIgniter\Database\MySQLi\Connection->execute('INSERT INTO `pedido_produtos` (`id_pedido`, `id_produto`, `quantidade`, `preco_unitario`, `created_at`, `updated_at`) VALUES (3, NULL, 1, 5.9, \'2026-06-28 00:22:11\', \'2026-06-28 00:22:11\')')
 3 SYSTEMPATH\Database\BaseConnection.php(686): CodeIgniter\Database\BaseConnection->simpleQuery('INSERT INTO `pedido_produtos` (`id_pedido`, `id_produto`, `quantidade`, `preco_unitario`, `created_at`, `updated_at`) VALUES (3, NULL, 1, 5.9, \'2026-06-28 00:22:11\', \'2026-06-28 00:22:11\')')
 4 SYSTEMPATH\Database\BaseBuilder.php(2345): CodeIgniter\Database\BaseConnection->query('INSERT INTO `pedido_produtos` (`id_pedido`, `id_produto`, `quantidade`, `preco_unitario`, `created_at`, `updated_at`) VALUES (:id_pedido:, :id_produto:, :quantidade:, :preco_unitario:, :created_at:, :updated_at:)', [...], false)
 5 SYSTEMPATH\Model.php(356): CodeIgniter\Database\BaseBuilder->insert()
 6 SYSTEMPATH\BaseModel.php(898): CodeIgniter\Model->doInsert([...])
 7 SYSTEMPATH\Model.php(665): CodeIgniter\BaseModel->insert([...], true)
 8 APPPATH\Controllers\Api\ApiController.php(50): CodeIgniter\Model->insert([...])
 9 SYSTEMPATH\CodeIgniter.php(951): App\Controllers\Api\ApiController->checkout()
10 SYSTEMPATH\CodeIgniter.php(497): CodeIgniter\CodeIgniter->runController(Object(App\Controllers\Api\ApiController))
11 SYSTEMPATH\CodeIgniter.php(340): CodeIgniter\CodeIgniter->handleRequest(null, Object(Config\Cache), false)
12 SYSTEMPATH\Boot.php(417): CodeIgniter\CodeIgniter->run()
13 SYSTEMPATH\Boot.php(68): CodeIgniter\Boot::runCodeIgniter(Object(CodeIgniter\CodeIgniter))
14 FCPATH\index.php(59): CodeIgniter\Boot::bootWeb(Object(Config\Paths))
ERROR - 2026-06-28 00:22:29 --> Column 'id_produto' cannot be null
in SYSTEMPATH\Database\MySQLi\Connection.php on line 300.
 1 SYSTEMPATH\Database\MySQLi\Connection.php(300): mysqli->query('INSERT INTO `pedido_produtos` (`id_pedido`, `id_produto`, `quantidade`, `preco_unitario`, `created_at`, `updated_at`) VALUES (4, NULL, 1, 5.9, \'2026-06-28 00:22:29\', \'2026-06-28 00:22:29\')', 0)
 2 SYSTEMPATH\Database\BaseConnection.php(769): CodeIgniter\Database\MySQLi\Connection->execute('INSERT INTO `pedido_produtos` (`id_pedido`, `id_produto`, `quantidade`, `preco_unitario`, `created_at`, `updated_at`) VALUES (4, NULL, 1, 5.9, \'2026-06-28 00:22:29\', \'2026-06-28 00:22:29\')')
 3 SYSTEMPATH\Database\BaseConnection.php(686): CodeIgniter\Database\BaseConnection->simpleQuery('INSERT INTO `pedido_produtos` (`id_pedido`, `id_produto`, `quantidade`, `preco_unitario`, `created_at`, `updated_at`) VALUES (4, NULL, 1, 5.9, \'2026-06-28 00:22:29\', \'2026-06-28 00:22:29\')')
 4 SYSTEMPATH\Database\BaseBuilder.php(2345): CodeIgniter\Database\BaseConnection->query('INSERT INTO `pedido_produtos` (`id_pedido`, `id_produto`, `quantidade`, `preco_unitario`, `created_at`, `updated_at`) VALUES (:id_pedido:, :id_produto:, :quantidade:, :preco_unitario:, :created_at:, :updated_at:)', [...], false)
 5 SYSTEMPATH\Model.php(356): CodeIgniter\Database\BaseBuilder->insert()
 6 SYSTEMPATH\BaseModel.php(898): CodeIgniter\Model->doInsert([...])
 7 SYSTEMPATH\Model.php(665): CodeIgniter\BaseModel->insert([...], true)
 8 APPPATH\Controllers\Api\ApiController.php(50): CodeIgniter\Model->insert([...])
 9 SYSTEMPATH\CodeIgniter.php(951): App\Controllers\Api\ApiController->checkout()
10 SYSTEMPATH\CodeIgniter.php(497): CodeIgniter\CodeIgniter->runController(Object(App\Controllers\Api\ApiController))
11 SYSTEMPATH\CodeIgniter.php(340): CodeIgniter\CodeIgniter->handleRequest(null, Object(Config\Cache), false)
12 SYSTEMPATH\Boot.php(417): CodeIgniter\CodeIgniter->run()
13 SYSTEMPATH\Boot.php(68): CodeIgniter\Boot::runCodeIgniter(Object(CodeIgniter\CodeIgniter))
14 FCPATH\index.php(59): CodeIgniter\Boot::bootWeb(Object(Config\Paths))
ERROR - 2026-06-28 00:24:39 --> Column 'id_produto' cannot be null
in SYSTEMPATH\Database\MySQLi\Connection.php on line 300.
 1 SYSTEMPATH\Database\MySQLi\Connection.php(300): mysqli->query('INSERT INTO `pedido_produtos` (`id_pedido`, `id_produto`, `quantidade`, `preco_unitario`, `created_at`, `updated_at`) VALUES (5, NULL, 1, 5.9, \'2026-06-28 00:24:39\', \'2026-06-28 00:24:39\')', 0)
 2 SYSTEMPATH\Database\BaseConnection.php(769): CodeIgniter\Database\MySQLi\Connection->execute('INSERT INTO `pedido_produtos` (`id_pedido`, `id_produto`, `quantidade`, `preco_unitario`, `created_at`, `updated_at`) VALUES (5, NULL, 1, 5.9, \'2026-06-28 00:24:39\', \'2026-06-28 00:24:39\')')
 3 SYSTEMPATH\Database\BaseConnection.php(686): CodeIgniter\Database\BaseConnection->simpleQuery('INSERT INTO `pedido_produtos` (`id_pedido`, `id_produto`, `quantidade`, `preco_unitario`, `created_at`, `updated_at`) VALUES (5, NULL, 1, 5.9, \'2026-06-28 00:24:39\', \'2026-06-28 00:24:39\')')
 4 SYSTEMPATH\Database\BaseBuilder.php(2345): CodeIgniter\Database\BaseConnection->query('INSERT INTO `pedido_produtos` (`id_pedido`, `id_produto`, `quantidade`, `preco_unitario`, `created_at`, `updated_at`) VALUES (:id_pedido:, :id_produto:, :quantidade:, :preco_unitario:, :created_at:, :updated_at:)', [...], false)
 5 SYSTEMPATH\Model.php(356): CodeIgniter\Database\BaseBuilder->insert()
 6 SYSTEMPATH\BaseModel.php(898): CodeIgniter\Model->doInsert([...])
 7 SYSTEMPATH\Model.php(665): CodeIgniter\BaseModel->insert([...], true)
 8 APPPATH\Controllers\Api\ApiController.php(50): CodeIgniter\Model->insert([...])
 9 SYSTEMPATH\CodeIgniter.php(951): App\Controllers\Api\ApiController->checkout()
10 SYSTEMPATH\CodeIgniter.php(497): CodeIgniter\CodeIgniter->runController(Object(App\Controllers\Api\ApiController))
11 SYSTEMPATH\CodeIgniter.php(340): CodeIgniter\CodeIgniter->handleRequest(null, Object(Config\Cache), false)
12 SYSTEMPATH\Boot.php(417): CodeIgniter\CodeIgniter->run()
13 SYSTEMPATH\Boot.php(68): CodeIgniter\Boot::runCodeIgniter(Object(CodeIgniter\CodeIgniter))
14 FCPATH\index.php(59): CodeIgniter\Boot::bootWeb(Object(Config\Paths))
ERROR - 2026-06-28 00:25:21 --> Column 'id_produto' cannot be null
in SYSTEMPATH\Database\MySQLi\Connection.php on line 300.
 1 SYSTEMPATH\Database\MySQLi\Connection.php(300): mysqli->query('INSERT INTO `pedido_produtos` (`id_pedido`, `id_produto`, `quantidade`, `preco_unitario`, `created_at`, `updated_at`) VALUES (6, NULL, 1, 5.9, \'2026-06-28 00:25:21\', \'2026-06-28 00:25:21\')', 0)
 2 SYSTEMPATH\Database\BaseConnection.php(769): CodeIgniter\Database\MySQLi\Connection->execute('INSERT INTO `pedido_produtos` (`id_pedido`, `id_produto`, `quantidade`, `preco_unitario`, `created_at`, `updated_at`) VALUES (6, NULL, 1, 5.9, \'2026-06-28 00:25:21\', \'2026-06-28 00:25:21\')')
 3 SYSTEMPATH\Database\BaseConnection.php(686): CodeIgniter\Database\BaseConnection->simpleQuery('INSERT INTO `pedido_produtos` (`id_pedido`, `id_produto`, `quantidade`, `preco_unitario`, `created_at`, `updated_at`) VALUES (6, NULL, 1, 5.9, \'2026-06-28 00:25:21\', \'2026-06-28 00:25:21\')')
 4 SYSTEMPATH\Database\BaseBuilder.php(2345): CodeIgniter\Database\BaseConnection->query('INSERT INTO `pedido_produtos` (`id_pedido`, `id_produto`, `quantidade`, `preco_unitario`, `created_at`, `updated_at`) VALUES (:id_pedido:, :id_produto:, :quantidade:, :preco_unitario:, :created_at:, :updated_at:)', [...], false)
 5 SYSTEMPATH\Model.php(356): CodeIgniter\Database\BaseBuilder->insert()
 6 SYSTEMPATH\BaseModel.php(898): CodeIgniter\Model->doInsert([...])
 7 SYSTEMPATH\Model.php(665): CodeIgniter\BaseModel->insert([...], true)
 8 APPPATH\Controllers\Api\ApiController.php(50): CodeIgniter\Model->insert([...])
 9 SYSTEMPATH\CodeIgniter.php(951): App\Controllers\Api\ApiController->checkout()
10 SYSTEMPATH\CodeIgniter.php(497): CodeIgniter\CodeIgniter->runController(Object(App\Controllers\Api\ApiController))
11 SYSTEMPATH\CodeIgniter.php(340): CodeIgniter\CodeIgniter->handleRequest(null, Object(Config\Cache), false)
12 SYSTEMPATH\Boot.php(417): CodeIgniter\CodeIgniter->run()
13 SYSTEMPATH\Boot.php(68): CodeIgniter\Boot::runCodeIgniter(Object(CodeIgniter\CodeIgniter))
14 FCPATH\index.php(59): CodeIgniter\Boot::bootWeb(Object(Config\Paths))
ERROR - 2026-06-28 00:27:57 --> Column 'id_produto' cannot be null
in SYSTEMPATH\Database\MySQLi\Connection.php on line 300.
 1 SYSTEMPATH\Database\MySQLi\Connection.php(300): mysqli->query('INSERT INTO `pedido_produtos` (`id_pedido`, `id_produto`, `quantidade`, `preco_unitario`, `created_at`, `updated_at`) VALUES (8, NULL, 1, 5.9, \'2026-06-28 00:27:57\', \'2026-06-28 00:27:57\')', 0)
 2 SYSTEMPATH\Database\BaseConnection.php(769): CodeIgniter\Database\MySQLi\Connection->execute('INSERT INTO `pedido_produtos` (`id_pedido`, `id_produto`, `quantidade`, `preco_unitario`, `created_at`, `updated_at`) VALUES (8, NULL, 1, 5.9, \'2026-06-28 00:27:57\', \'2026-06-28 00:27:57\')')
 3 SYSTEMPATH\Database\BaseConnection.php(686): CodeIgniter\Database\BaseConnection->simpleQuery('INSERT INTO `pedido_produtos` (`id_pedido`, `id_produto`, `quantidade`, `preco_unitario`, `created_at`, `updated_at`) VALUES (8, NULL, 1, 5.9, \'2026-06-28 00:27:57\', \'2026-06-28 00:27:57\')')
 4 SYSTEMPATH\Database\BaseBuilder.php(2345): CodeIgniter\Database\BaseConnection->query('INSERT INTO `pedido_produtos` (`id_pedido`, `id_produto`, `quantidade`, `preco_unitario`, `created_at`, `updated_at`) VALUES (:id_pedido:, :id_produto:, :quantidade:, :preco_unitario:, :created_at:, :updated_at:)', [...], false)
 5 SYSTEMPATH\Model.php(356): CodeIgniter\Database\BaseBuilder->insert()
 6 SYSTEMPATH\BaseModel.php(898): CodeIgniter\Model->doInsert([...])
 7 SYSTEMPATH\Model.php(665): CodeIgniter\BaseModel->insert([...], true)
 8 APPPATH\Controllers\Api\ApiController.php(50): CodeIgniter\Model->insert([...])
 9 SYSTEMPATH\CodeIgniter.php(951): App\Controllers\Api\ApiController->checkout()
10 SYSTEMPATH\CodeIgniter.php(497): CodeIgniter\CodeIgniter->runController(Object(App\Controllers\Api\ApiController))
11 SYSTEMPATH\CodeIgniter.php(340): CodeIgniter\CodeIgniter->handleRequest(null, Object(Config\Cache), false)
12 SYSTEMPATH\Boot.php(417): CodeIgniter\CodeIgniter->run()
13 SYSTEMPATH\Boot.php(68): CodeIgniter\Boot::runCodeIgniter(Object(CodeIgniter\CodeIgniter))
14 FCPATH\index.php(59): CodeIgniter\Boot::bootWeb(Object(Config\Paths))
ERROR - 2026-06-28 00:29:10 --> Column 'id_produto' cannot be null
in SYSTEMPATH\Database\MySQLi\Connection.php on line 300.
 1 SYSTEMPATH\Database\MySQLi\Connection.php(300): mysqli->query('INSERT INTO `pedido_produtos` (`id_pedido`, `id_produto`, `quantidade`, `preco_unitario`, `created_at`, `updated_at`) VALUES (9, NULL, 2, 5.9, \'2026-06-28 00:29:10\', \'2026-06-28 00:29:10\')', 0)
 2 SYSTEMPATH\Database\BaseConnection.php(769): CodeIgniter\Database\MySQLi\Connection->execute('INSERT INTO `pedido_produtos` (`id_pedido`, `id_produto`, `quantidade`, `preco_unitario`, `created_at`, `updated_at`) VALUES (9, NULL, 2, 5.9, \'2026-06-28 00:29:10\', \'2026-06-28 00:29:10\')')
 3 SYSTEMPATH\Database\BaseConnection.php(686): CodeIgniter\Database\BaseConnection->simpleQuery('INSERT INTO `pedido_produtos` (`id_pedido`, `id_produto`, `quantidade`, `preco_unitario`, `created_at`, `updated_at`) VALUES (9, NULL, 2, 5.9, \'2026-06-28 00:29:10\', \'2026-06-28 00:29:10\')')
 4 SYSTEMPATH\Database\BaseBuilder.php(2345): CodeIgniter\Database\BaseConnection->query('INSERT INTO `pedido_produtos` (`id_pedido`, `id_produto`, `quantidade`, `preco_unitario`, `created_at`, `updated_at`) VALUES (:id_pedido:, :id_produto:, :quantidade:, :preco_unitario:, :created_at:, :updated_at:)', [...], false)
 5 SYSTEMPATH\Model.php(356): CodeIgniter\Database\BaseBuilder->insert()
 6 SYSTEMPATH\BaseModel.php(898): CodeIgniter\Model->doInsert([...])
 7 SYSTEMPATH\Model.php(665): CodeIgniter\BaseModel->insert([...], true)
 8 APPPATH\Controllers\Api\ApiController.php(50): CodeIgniter\Model->insert([...])
 9 SYSTEMPATH\CodeIgniter.php(951): App\Controllers\Api\ApiController->checkout()
10 SYSTEMPATH\CodeIgniter.php(497): CodeIgniter\CodeIgniter->runController(Object(App\Controllers\Api\ApiController))
11 SYSTEMPATH\CodeIgniter.php(340): CodeIgniter\CodeIgniter->handleRequest(null, Object(Config\Cache), false)
12 SYSTEMPATH\Boot.php(417): CodeIgniter\CodeIgniter->run()
13 SYSTEMPATH\Boot.php(68): CodeIgniter\Boot::runCodeIgniter(Object(CodeIgniter\CodeIgniter))
14 FCPATH\index.php(59): CodeIgniter\Boot::bootWeb(Object(Config\Paths))
ERROR - 2026-06-28 00:31:49 --> Column 'id_produto' cannot be null
in SYSTEMPATH\Database\MySQLi\Connection.php on line 300.
 1 SYSTEMPATH\Database\MySQLi\Connection.php(300): mysqli->query('INSERT INTO `pedido_produtos` (`id_pedido`, `id_produto`, `quantidade`, `preco_unitario`, `created_at`, `updated_at`) VALUES (11, NULL, 2, 5.9, \'2026-06-28 00:31:49\', \'2026-06-28 00:31:49\')', 0)
 2 SYSTEMPATH\Database\BaseConnection.php(769): CodeIgniter\Database\MySQLi\Connection->execute('INSERT INTO `pedido_produtos` (`id_pedido`, `id_produto`, `quantidade`, `preco_unitario`, `created_at`, `updated_at`) VALUES (11, NULL, 2, 5.9, \'2026-06-28 00:31:49\', \'2026-06-28 00:31:49\')')
 3 SYSTEMPATH\Database\BaseConnection.php(686): CodeIgniter\Database\BaseConnection->simpleQuery('INSERT INTO `pedido_produtos` (`id_pedido`, `id_produto`, `quantidade`, `preco_unitario`, `created_at`, `updated_at`) VALUES (11, NULL, 2, 5.9, \'2026-06-28 00:31:49\', \'2026-06-28 00:31:49\')')
 4 SYSTEMPATH\Database\BaseBuilder.php(2345): CodeIgniter\Database\BaseConnection->query('INSERT INTO `pedido_produtos` (`id_pedido`, `id_produto`, `quantidade`, `preco_unitario`, `created_at`, `updated_at`) VALUES (:id_pedido:, :id_produto:, :quantidade:, :preco_unitario:, :created_at:, :updated_at:)', [...], false)
 5 SYSTEMPATH\Model.php(356): CodeIgniter\Database\BaseBuilder->insert()
 6 SYSTEMPATH\BaseModel.php(898): CodeIgniter\Model->doInsert([...])
 7 SYSTEMPATH\Model.php(665): CodeIgniter\BaseModel->insert([...], true)
 8 APPPATH\Controllers\Api\ApiController.php(50): CodeIgniter\Model->insert([...])
 9 SYSTEMPATH\CodeIgniter.php(951): App\Controllers\Api\ApiController->checkout()
10 SYSTEMPATH\CodeIgniter.php(497): CodeIgniter\CodeIgniter->runController(Object(App\Controllers\Api\ApiController))
11 SYSTEMPATH\CodeIgniter.php(340): CodeIgniter\CodeIgniter->handleRequest(null, Object(Config\Cache), false)
12 SYSTEMPATH\Boot.php(417): CodeIgniter\CodeIgniter->run()
13 SYSTEMPATH\Boot.php(68): CodeIgniter\Boot::runCodeIgniter(Object(CodeIgniter\CodeIgniter))
14 FCPATH\index.php(59): CodeIgniter\Boot::bootWeb(Object(Config\Paths))
ERROR - 2026-06-28 00:34:07 --> Column 'id_produto' cannot be null
in SYSTEMPATH\Database\MySQLi\Connection.php on line 300.
 1 SYSTEMPATH\Database\MySQLi\Connection.php(300): mysqli->query('INSERT INTO `pedido_produtos` (`id_pedido`, `id_produto`, `quantidade`, `preco_unitario`, `created_at`, `updated_at`) VALUES (13, NULL, 2, 5.9, \'2026-06-28 00:34:07\', \'2026-06-28 00:34:07\')', 0)
 2 SYSTEMPATH\Database\BaseConnection.php(769): CodeIgniter\Database\MySQLi\Connection->execute('INSERT INTO `pedido_produtos` (`id_pedido`, `id_produto`, `quantidade`, `preco_unitario`, `created_at`, `updated_at`) VALUES (13, NULL, 2, 5.9, \'2026-06-28 00:34:07\', \'2026-06-28 00:34:07\')')
 3 SYSTEMPATH\Database\BaseConnection.php(686): CodeIgniter\Database\BaseConnection->simpleQuery('INSERT INTO `pedido_produtos` (`id_pedido`, `id_produto`, `quantidade`, `preco_unitario`, `created_at`, `updated_at`) VALUES (13, NULL, 2, 5.9, \'2026-06-28 00:34:07\', \'2026-06-28 00:34:07\')')
 4 SYSTEMPATH\Database\BaseBuilder.php(2345): CodeIgniter\Database\BaseConnection->query('INSERT INTO `pedido_produtos` (`id_pedido`, `id_produto`, `quantidade`, `preco_unitario`, `created_at`, `updated_at`) VALUES (:id_pedido:, :id_produto:, :quantidade:, :preco_unitario:, :created_at:, :updated_at:)', [...], false)
 5 SYSTEMPATH\Model.php(356): CodeIgniter\Database\BaseBuilder->insert()
 6 SYSTEMPATH\BaseModel.php(898): CodeIgniter\Model->doInsert([...])
 7 SYSTEMPATH\Model.php(665): CodeIgniter\BaseModel->insert([...], true)
 8 APPPATH\Controllers\Api\ApiController.php(50): CodeIgniter\Model->insert([...])
 9 SYSTEMPATH\CodeIgniter.php(951): App\Controllers\Api\ApiController->checkout()
10 SYSTEMPATH\CodeIgniter.php(497): CodeIgniter\CodeIgniter->runController(Object(App\Controllers\Api\ApiController))
11 SYSTEMPATH\CodeIgniter.php(340): CodeIgniter\CodeIgniter->handleRequest(null, Object(Config\Cache), false)
12 SYSTEMPATH\Boot.php(417): CodeIgniter\CodeIgniter->run()
13 SYSTEMPATH\Boot.php(68): CodeIgniter\Boot::runCodeIgniter(Object(CodeIgniter\CodeIgniter))
14 FCPATH\index.php(59): CodeIgniter\Boot::bootWeb(Object(Config\Paths))
ERROR - 2026-06-28 00:34:10 --> Column 'id_produto' cannot be null
in SYSTEMPATH\Database\MySQLi\Connection.php on line 300.
 1 SYSTEMPATH\Database\MySQLi\Connection.php(300): mysqli->query('INSERT INTO `pedido_produtos` (`id_pedido`, `id_produto`, `quantidade`, `preco_unitario`, `created_at`, `updated_at`) VALUES (14, NULL, 2, 5.9, \'2026-06-28 00:34:10\', \'2026-06-28 00:34:10\')', 0)
 2 SYSTEMPATH\Database\BaseConnection.php(769): CodeIgniter\Database\MySQLi\Connection->execute('INSERT INTO `pedido_produtos` (`id_pedido`, `id_produto`, `quantidade`, `preco_unitario`, `created_at`, `updated_at`) VALUES (14, NULL, 2, 5.9, \'2026-06-28 00:34:10\', \'2026-06-28 00:34:10\')')
 3 SYSTEMPATH\Database\BaseConnection.php(686): CodeIgniter\Database\BaseConnection->simpleQuery('INSERT INTO `pedido_produtos` (`id_pedido`, `id_produto`, `quantidade`, `preco_unitario`, `created_at`, `updated_at`) VALUES (14, NULL, 2, 5.9, \'2026-06-28 00:34:10\', \'2026-06-28 00:34:10\')')
 4 SYSTEMPATH\Database\BaseBuilder.php(2345): CodeIgniter\Database\BaseConnection->query('INSERT INTO `pedido_produtos` (`id_pedido`, `id_produto`, `quantidade`, `preco_unitario`, `created_at`, `updated_at`) VALUES (:id_pedido:, :id_produto:, :quantidade:, :preco_unitario:, :created_at:, :updated_at:)', [...], false)
 5 SYSTEMPATH\Model.php(356): CodeIgniter\Database\BaseBuilder->insert()
 6 SYSTEMPATH\BaseModel.php(898): CodeIgniter\Model->doInsert([...])
 7 SYSTEMPATH\Model.php(665): CodeIgniter\BaseModel->insert([...], true)
 8 APPPATH\Controllers\Api\ApiController.php(50): CodeIgniter\Model->insert([...])
 9 SYSTEMPATH\CodeIgniter.php(951): App\Controllers\Api\ApiController->checkout()
10 SYSTEMPATH\CodeIgniter.php(497): CodeIgniter\CodeIgniter->runController(Object(App\Controllers\Api\ApiController))
11 SYSTEMPATH\CodeIgniter.php(340): CodeIgniter\CodeIgniter->handleRequest(null, Object(Config\Cache), false)
12 SYSTEMPATH\Boot.php(417): CodeIgniter\CodeIgniter->run()
13 SYSTEMPATH\Boot.php(68): CodeIgniter\Boot::runCodeIgniter(Object(CodeIgniter\CodeIgniter))
14 FCPATH\index.php(59): CodeIgniter\Boot::bootWeb(Object(Config\Paths))
ERROR - 2026-06-28 00:34:46 --> Column 'id_produto' cannot be null
in SYSTEMPATH\Database\MySQLi\Connection.php on line 300.
 1 SYSTEMPATH\Database\MySQLi\Connection.php(300): mysqli->query('INSERT INTO `pedido_produtos` (`id_pedido`, `id_produto`, `quantidade`, `preco_unitario`, `created_at`, `updated_at`) VALUES (15, NULL, 2, 5.9, \'2026-06-28 00:34:46\', \'2026-06-28 00:34:46\')', 0)
 2 SYSTEMPATH\Database\BaseConnection.php(769): CodeIgniter\Database\MySQLi\Connection->execute('INSERT INTO `pedido_produtos` (`id_pedido`, `id_produto`, `quantidade`, `preco_unitario`, `created_at`, `updated_at`) VALUES (15, NULL, 2, 5.9, \'2026-06-28 00:34:46\', \'2026-06-28 00:34:46\')')
 3 SYSTEMPATH\Database\BaseConnection.php(686): CodeIgniter\Database\BaseConnection->simpleQuery('INSERT INTO `pedido_produtos` (`id_pedido`, `id_produto`, `quantidade`, `preco_unitario`, `created_at`, `updated_at`) VALUES (15, NULL, 2, 5.9, \'2026-06-28 00:34:46\', \'2026-06-28 00:34:46\')')
 4 SYSTEMPATH\Database\BaseBuilder.php(2345): CodeIgniter\Database\BaseConnection->query('INSERT INTO `pedido_produtos` (`id_pedido`, `id_produto`, `quantidade`, `preco_unitario`, `created_at`, `updated_at`) VALUES (:id_pedido:, :id_produto:, :quantidade:, :preco_unitario:, :created_at:, :updated_at:)', [...], false)
 5 SYSTEMPATH\Model.php(356): CodeIgniter\Database\BaseBuilder->insert()
 6 SYSTEMPATH\BaseModel.php(898): CodeIgniter\Model->doInsert([...])
 7 SYSTEMPATH\Model.php(665): CodeIgniter\BaseModel->insert([...], true)
 8 APPPATH\Controllers\Api\ApiController.php(50): CodeIgniter\Model->insert([...])
 9 SYSTEMPATH\CodeIgniter.php(951): App\Controllers\Api\ApiController->checkout()
10 SYSTEMPATH\CodeIgniter.php(497): CodeIgniter\CodeIgniter->runController(Object(App\Controllers\Api\ApiController))
11 SYSTEMPATH\CodeIgniter.php(340): CodeIgniter\CodeIgniter->handleRequest(null, Object(Config\Cache), false)
12 SYSTEMPATH\Boot.php(417): CodeIgniter\CodeIgniter->run()
13 SYSTEMPATH\Boot.php(68): CodeIgniter\Boot::runCodeIgniter(Object(CodeIgniter\CodeIgniter))
14 FCPATH\index.php(59): CodeIgniter\Boot::bootWeb(Object(Config\Paths))
ERROR - 2026-06-28 00:36:27 --> Column 'id_produto' cannot be null
in SYSTEMPATH\Database\MySQLi\Connection.php on line 300.
 1 SYSTEMPATH\Database\MySQLi\Connection.php(300): mysqli->query('INSERT INTO `pedido_produtos` (`id_pedido`, `id_produto`, `quantidade`, `preco_unitario`, `created_at`, `updated_at`) VALUES (16, NULL, 2, 5.9, \'2026-06-28 00:36:27\', \'2026-06-28 00:36:27\')', 0)
 2 SYSTEMPATH\Database\BaseConnection.php(769): CodeIgniter\Database\MySQLi\Connection->execute('INSERT INTO `pedido_produtos` (`id_pedido`, `id_produto`, `quantidade`, `preco_unitario`, `created_at`, `updated_at`) VALUES (16, NULL, 2, 5.9, \'2026-06-28 00:36:27\', \'2026-06-28 00:36:27\')')
 3 SYSTEMPATH\Database\BaseConnection.php(686): CodeIgniter\Database\BaseConnection->simpleQuery('INSERT INTO `pedido_produtos` (`id_pedido`, `id_produto`, `quantidade`, `preco_unitario`, `created_at`, `updated_at`) VALUES (16, NULL, 2, 5.9, \'2026-06-28 00:36:27\', \'2026-06-28 00:36:27\')')
 4 SYSTEMPATH\Database\BaseBuilder.php(2345): CodeIgniter\Database\BaseConnection->query('INSERT INTO `pedido_produtos` (`id_pedido`, `id_produto`, `quantidade`, `preco_unitario`, `created_at`, `updated_at`) VALUES (:id_pedido:, :id_produto:, :quantidade:, :preco_unitario:, :created_at:, :updated_at:)', [...], false)
 5 SYSTEMPATH\Model.php(356): CodeIgniter\Database\BaseBuilder->insert()
 6 SYSTEMPATH\BaseModel.php(898): CodeIgniter\Model->doInsert([...])
 7 SYSTEMPATH\Model.php(665): CodeIgniter\BaseModel->insert([...], true)
 8 APPPATH\Controllers\Api\ApiController.php(50): CodeIgniter\Model->insert([...])
 9 SYSTEMPATH\CodeIgniter.php(951): App\Controllers\Api\ApiController->checkout()
10 SYSTEMPATH\CodeIgniter.php(497): CodeIgniter\CodeIgniter->runController(Object(App\Controllers\Api\ApiController))
11 SYSTEMPATH\CodeIgniter.php(340): CodeIgniter\CodeIgniter->handleRequest(null, Object(Config\Cache), false)
12 SYSTEMPATH\Boot.php(417): CodeIgniter\CodeIgniter->run()
13 SYSTEMPATH\Boot.php(68): CodeIgniter\Boot::runCodeIgniter(Object(CodeIgniter\CodeIgniter))
14 FCPATH\index.php(59): CodeIgniter\Boot::bootWeb(Object(Config\Paths))
ERROR - 2026-06-28 15:26:13 --> Error connecting to the database: mysqli_sql_exception: Nenhuma conexão pôde ser feita porque a máquina de destino as recusou ativamente in C:\xampp\htdocs\api_final\system\Database\MySQLi\Connection.php:201
Stack trace:
#0 C:\xampp\htdocs\api_final\system\Database\MySQLi\Connection.php(201): mysqli->real_connect('localhost', 'root', Object(SensitiveParameterValue), 'pedidos', 3306, '', 0)
#1 C:\xampp\htdocs\api_final\system\Database\BaseConnection.php(419): CodeIgniter\Database\MySQLi\Connection->connect(false)
#2 C:\xampp\htdocs\api_final\system\Database\BaseConnection.php(654): CodeIgniter\Database\BaseConnection->initialize()
#3 C:\xampp\htdocs\api_final\system\Database\BaseConnection.php(1565): CodeIgniter\Database\BaseConnection->query('SHOW TABLES FRO...')
#4 C:\xampp\htdocs\api_final\system\Database\BaseConnection.php(1585): CodeIgniter\Database\BaseConnection->listTables()
#5 C:\xampp\htdocs\api_final\system\Database\MigrationRunner.php(821): CodeIgniter\Database\BaseConnection->tableExists('migrations')
#6 C:\xampp\htdocs\api_final\system\Database\MigrationRunner.php(699): CodeIgniter\Database\MigrationRunner->ensureTable()
#7 C:\xampp\htdocs\api_final\system\Commands\Database\MigrateStatus.php(115): CodeIgniter\Database\MigrationRunner->getHistory('')
#8 C:\xampp\htdocs\api_final\system\CLI\Commands.php(74): CodeIgniter\Commands\Database\MigrateStatus->run(Array)
#9 C:\xampp\htdocs\api_final\system\CLI\Console.php(47): CodeIgniter\CLI\Commands->run('migrate:status', Array)
#10 C:\xampp\htdocs\api_final\system\Boot.php(442): CodeIgniter\CLI\Console->run()
#11 C:\xampp\htdocs\api_final\system\Boot.php(166): CodeIgniter\Boot::runCommand(Object(CodeIgniter\CLI\Console))
#12 C:\xampp\htdocs\api_final\spark(87): CodeIgniter\Boot::bootSpark(Object(Config\Paths))
#13 {main}

Next CodeIgniter\Database\Exceptions\DatabaseException: Nenhuma conexão pôde ser feita porque a máquina de destino as recusou ativamente in C:\xampp\htdocs\api_final\system\Database\MySQLi\Connection.php:231
Stack trace:
#0 C:\xampp\htdocs\api_final\system\Database\BaseConnection.php(419): CodeIgniter\Database\MySQLi\Connection->connect(false)
#1 C:\xampp\htdocs\api_final\system\Database\BaseConnection.php(654): CodeIgniter\Database\BaseConnection->initialize()
#2 C:\xampp\htdocs\api_final\system\Database\BaseConnection.php(1565): CodeIgniter\Database\BaseConnection->query('SHOW TABLES FRO...')
#3 C:\xampp\htdocs\api_final\system\Database\BaseConnection.php(1585): CodeIgniter\Database\BaseConnection->listTables()
#4 C:\xampp\htdocs\api_final\system\Database\MigrationRunner.php(821): CodeIgniter\Database\BaseConnection->tableExists('migrations')
#5 C:\xampp\htdocs\api_final\system\Database\MigrationRunner.php(699): CodeIgniter\Database\MigrationRunner->ensureTable()
#6 C:\xampp\htdocs\api_final\system\Commands\Database\MigrateStatus.php(115): CodeIgniter\Database\MigrationRunner->getHistory('')
#7 C:\xampp\htdocs\api_final\system\CLI\Commands.php(74): CodeIgniter\Commands\Database\MigrateStatus->run(Array)
#8 C:\xampp\htdocs\api_final\system\CLI\Console.php(47): CodeIgniter\CLI\Commands->run('migrate:status', Array)
#9 C:\xampp\htdocs\api_final\system\Boot.php(442): CodeIgniter\CLI\Console->run()
#10 C:\xampp\htdocs\api_final\system\Boot.php(166): CodeIgniter\Boot::runCommand(Object(CodeIgniter\CLI\Console))
#11 C:\xampp\htdocs\api_final\spark(87): CodeIgniter\Boot::bootSpark(Object(Config\Paths))
#12 {main}
CRITICAL - 2026-06-28 15:26:13 --> CodeIgniter\Database\Exceptions\DatabaseException: Unable to connect to the database.
Main connection [MySQLi]: Nenhuma conexão pôde ser feita porque a máquina de destino as recusou ativamente
[Method: CLI, Route: migrate:status]
in SYSTEMPATH\Database\BaseConnection.php on line 465.
 1 SYSTEMPATH\Database\BaseConnection.php(654): CodeIgniter\Database\BaseConnection->initialize()
 2 SYSTEMPATH\Database\BaseConnection.php(1565): CodeIgniter\Database\BaseConnection->query('SHOW TABLES FROM `pedidos`')
 3 SYSTEMPATH\Database\BaseConnection.php(1585): CodeIgniter\Database\BaseConnection->listTables()
 4 SYSTEMPATH\Database\MigrationRunner.php(821): CodeIgniter\Database\BaseConnection->tableExists('migrations')
 5 SYSTEMPATH\Database\MigrationRunner.php(699): CodeIgniter\Database\MigrationRunner->ensureTable()
 6 SYSTEMPATH\Commands\Database\MigrateStatus.php(115): CodeIgniter\Database\MigrationRunner->getHistory('')
 7 SYSTEMPATH\CLI\Commands.php(74): CodeIgniter\Commands\Database\MigrateStatus->run([])
 8 SYSTEMPATH\CLI\Console.php(47): CodeIgniter\CLI\Commands->run('migrate:status', [])
 9 SYSTEMPATH\Boot.php(442): CodeIgniter\CLI\Console->run()
10 SYSTEMPATH\Boot.php(166): CodeIgniter\Boot::runCommand(Object(CodeIgniter\CLI\Console))
11 ROOTPATH\spark(87): CodeIgniter\Boot::bootSpark(Object(Config\Paths))
ERROR - 2026-06-28 16:33:20 --> Table 'pedidos.usuarios' doesn't exist
in SYSTEMPATH\Database\MySQLi\Connection.php on line 300.
 1 SYSTEMPATH\Database\MySQLi\Connection.php(300): mysqli->query('SELECT *
FROM `usuarios`
WHERE `email` = \'admin@admin.com\'
AND `usuarios`.`deleted_at` IS NULL
 LIMIT 1', 0)
 2 SYSTEMPATH\Database\BaseConnection.php(769): CodeIgniter\Database\MySQLi\Connection->execute('SELECT *
FROM `usuarios`
WHERE `email` = \'admin@admin.com\'
AND `usuarios`.`deleted_at` IS NULL
 LIMIT 1')
 3 SYSTEMPATH\Database\BaseConnection.php(686): CodeIgniter\Database\BaseConnection->simpleQuery('SELECT *
FROM `usuarios`
WHERE `email` = \'admin@admin.com\'
AND `usuarios`.`deleted_at` IS NULL
 LIMIT 1')
 4 SYSTEMPATH\Database\BaseBuilder.php(1649): CodeIgniter\Database\BaseConnection->query('SELECT *
FROM `usuarios`
WHERE `email` = :email:
AND `usuarios`.`deleted_at` IS NULL
 LIMIT 1', [...], false)
 5 SYSTEMPATH\Model.php(296): CodeIgniter\Database\BaseBuilder->get()
 6 SYSTEMPATH\BaseModel.php(713): CodeIgniter\Model->doFirst()
 7 APPPATH\Models\UsuarioModel.php(26): CodeIgniter\BaseModel->first()
 8 APPPATH\Controllers\Api\AuthController.php(34): App\Models\UsuarioModel->findByEmail('admin@admin.com')
 9 SYSTEMPATH\CodeIgniter.php(951): App\Controllers\Api\AuthController->login()
10 SYSTEMPATH\CodeIgniter.php(497): CodeIgniter\CodeIgniter->runController(Object(App\Controllers\Api\AuthController))
11 SYSTEMPATH\CodeIgniter.php(340): CodeIgniter\CodeIgniter->handleRequest(null, Object(Config\Cache), false)
12 SYSTEMPATH\Boot.php(417): CodeIgniter\CodeIgniter->run()
13 SYSTEMPATH\Boot.php(68): CodeIgniter\Boot::runCodeIgniter(Object(CodeIgniter\CodeIgniter))
14 FCPATH\index.php(59): CodeIgniter\Boot::bootWeb(Object(Config\Paths))
CRITICAL - 2026-06-28 16:33:20 --> CodeIgniter\Database\Exceptions\DatabaseException: Table 'pedidos.usuarios' doesn't exist
[Method: POST, Route: api/login]
in SYSTEMPATH\Database\BaseConnection.php on line 724.
 1 SYSTEMPATH\Database\BaseBuilder.php(1649): CodeIgniter\Database\BaseConnection->query('SELECT *
FROM `usuarios`
WHERE `email` = :email:
AND `usuarios`.`deleted_at` IS NULL
 LIMIT 1', [...], false)
 2 SYSTEMPATH\Model.php(296): CodeIgniter\Database\BaseBuilder->get()
 3 SYSTEMPATH\BaseModel.php(713): CodeIgniter\Model->doFirst()
 4 APPPATH\Models\UsuarioModel.php(26): CodeIgniter\BaseModel->first()
 5 APPPATH\Controllers\Api\AuthController.php(34): App\Models\UsuarioModel->findByEmail('admin@admin.com')
 6 SYSTEMPATH\CodeIgniter.php(951): App\Controllers\Api\AuthController->login()
 7 SYSTEMPATH\CodeIgniter.php(497): CodeIgniter\CodeIgniter->runController(Object(App\Controllers\Api\AuthController))
 8 SYSTEMPATH\CodeIgniter.php(340): CodeIgniter\CodeIgniter->handleRequest(null, Object(Config\Cache), false)
 9 SYSTEMPATH\Boot.php(417): CodeIgniter\CodeIgniter->run()
10 SYSTEMPATH\Boot.php(68): CodeIgniter\Boot::runCodeIgniter(Object(CodeIgniter\CodeIgniter))
11 FCPATH\index.php(59): CodeIgniter\Boot::bootWeb(Object(Config\Paths))
CRITICAL - 2026-06-28 16:33:20 --> [Caused by] CodeIgniter\Database\Exceptions\DatabaseException: Table 'pedidos.usuarios' doesn't exist
in SYSTEMPATH\Database\MySQLi\Connection.php on line 310.
 1 SYSTEMPATH\Database\BaseConnection.php(769): CodeIgniter\Database\MySQLi\Connection->execute('SELECT *
FROM `usuarios`
WHERE `email` = \'admin@admin.com\'
AND `usuarios`.`deleted_at` IS NULL
 LIMIT 1')
 2 SYSTEMPATH\Database\BaseConnection.php(686): CodeIgniter\Database\BaseConnection->simpleQuery('SELECT *
FROM `usuarios`
WHERE `email` = \'admin@admin.com\'
AND `usuarios`.`deleted_at` IS NULL
 LIMIT 1')
 3 SYSTEMPATH\Database\BaseBuilder.php(1649): CodeIgniter\Database\BaseConnection->query('SELECT *
FROM `usuarios`
WHERE `email` = :email:
AND `usuarios`.`deleted_at` IS NULL
 LIMIT 1', [...], false)
 4 SYSTEMPATH\Model.php(296): CodeIgniter\Database\BaseBuilder->get()
 5 SYSTEMPATH\BaseModel.php(713): CodeIgniter\Model->doFirst()
 6 APPPATH\Models\UsuarioModel.php(26): CodeIgniter\BaseModel->first()
 7 APPPATH\Controllers\Api\AuthController.php(34): App\Models\UsuarioModel->findByEmail('admin@admin.com')
 8 SYSTEMPATH\CodeIgniter.php(951): App\Controllers\Api\AuthController->login()
 9 SYSTEMPATH\CodeIgniter.php(497): CodeIgniter\CodeIgniter->runController(Object(App\Controllers\Api\AuthController))
10 SYSTEMPATH\CodeIgniter.php(340): CodeIgniter\CodeIgniter->handleRequest(null, Object(Config\Cache), false)
11 SYSTEMPATH\Boot.php(417): CodeIgniter\CodeIgniter->run()
12 SYSTEMPATH\Boot.php(68): CodeIgniter\Boot::runCodeIgniter(Object(CodeIgniter\CodeIgniter))
13 FCPATH\index.php(59): CodeIgniter\Boot::bootWeb(Object(Config\Paths))
CRITICAL - 2026-06-28 16:33:20 --> [Caused by] mysqli_sql_exception: Table 'pedidos.usuarios' doesn't exist
in SYSTEMPATH\Database\MySQLi\Connection.php on line 300.
 1 SYSTEMPATH\Database\MySQLi\Connection.php(300): mysqli->query('SELECT *
FROM `usuarios`
WHERE `email` = \'admin@admin.com\'
AND `usuarios`.`deleted_at` IS NULL
 LIMIT 1', 0)
 2 SYSTEMPATH\Database\BaseConnection.php(769): CodeIgniter\Database\MySQLi\Connection->execute('SELECT *
FROM `usuarios`
WHERE `email` = \'admin@admin.com\'
AND `usuarios`.`deleted_at` IS NULL
 LIMIT 1')
 3 SYSTEMPATH\Database\BaseConnection.php(686): CodeIgniter\Database\BaseConnection->simpleQuery('SELECT *
FROM `usuarios`
WHERE `email` = \'admin@admin.com\'
AND `usuarios`.`deleted_at` IS NULL
 LIMIT 1')
 4 SYSTEMPATH\Database\BaseBuilder.php(1649): CodeIgniter\Database\BaseConnection->query('SELECT *
FROM `usuarios`
WHERE `email` = :email:
AND `usuarios`.`deleted_at` IS NULL
 LIMIT 1', [...], false)
 5 SYSTEMPATH\Model.php(296): CodeIgniter\Database\BaseBuilder->get()
 6 SYSTEMPATH\BaseModel.php(713): CodeIgniter\Model->doFirst()
 7 APPPATH\Models\UsuarioModel.php(26): CodeIgniter\BaseModel->first()
 8 APPPATH\Controllers\Api\AuthController.php(34): App\Models\UsuarioModel->findByEmail('admin@admin.com')
 9 SYSTEMPATH\CodeIgniter.php(951): App\Controllers\Api\AuthController->login()
10 SYSTEMPATH\CodeIgniter.php(497): CodeIgniter\CodeIgniter->runController(Object(App\Controllers\Api\AuthController))
11 SYSTEMPATH\CodeIgniter.php(340): CodeIgniter\CodeIgniter->handleRequest(null, Object(Config\Cache), false)
12 SYSTEMPATH\Boot.php(417): CodeIgniter\CodeIgniter->run()
13 SYSTEMPATH\Boot.php(68): CodeIgniter\Boot::runCodeIgniter(Object(CodeIgniter\CodeIgniter))
14 FCPATH\index.php(59): CodeIgniter\Boot::bootWeb(Object(Config\Paths))
ERROR - 2026-06-28 16:33:25 --> Table 'pedidos.usuarios' doesn't exist
in SYSTEMPATH\Database\MySQLi\Connection.php on line 300.
 1 SYSTEMPATH\Database\MySQLi\Connection.php(300): mysqli->query('SELECT *
FROM `usuarios`
WHERE `email` = \'admin@admin.com\'
AND `usuarios`.`deleted_at` IS NULL
 LIMIT 1', 0)
 2 SYSTEMPATH\Database\BaseConnection.php(769): CodeIgniter\Database\MySQLi\Connection->execute('SELECT *
FROM `usuarios`
WHERE `email` = \'admin@admin.com\'
AND `usuarios`.`deleted_at` IS NULL
 LIMIT 1')
 3 SYSTEMPATH\Database\BaseConnection.php(686): CodeIgniter\Database\BaseConnection->simpleQuery('SELECT *
FROM `usuarios`
WHERE `email` = \'admin@admin.com\'
AND `usuarios`.`deleted_at` IS NULL
 LIMIT 1')
 4 SYSTEMPATH\Database\BaseBuilder.php(1649): CodeIgniter\Database\BaseConnection->query('SELECT *
FROM `usuarios`
WHERE `email` = :email:
AND `usuarios`.`deleted_at` IS NULL
 LIMIT 1', [...], false)
 5 SYSTEMPATH\Model.php(296): CodeIgniter\Database\BaseBuilder->get()
 6 SYSTEMPATH\BaseModel.php(713): CodeIgniter\Model->doFirst()
 7 APPPATH\Models\UsuarioModel.php(26): CodeIgniter\BaseModel->first()
 8 APPPATH\Controllers\Api\AuthController.php(34): App\Models\UsuarioModel->findByEmail('admin@admin.com')
 9 SYSTEMPATH\CodeIgniter.php(951): App\Controllers\Api\AuthController->login()
10 SYSTEMPATH\CodeIgniter.php(497): CodeIgniter\CodeIgniter->runController(Object(App\Controllers\Api\AuthController))
11 SYSTEMPATH\CodeIgniter.php(340): CodeIgniter\CodeIgniter->handleRequest(null, Object(Config\Cache), false)
12 SYSTEMPATH\Boot.php(417): CodeIgniter\CodeIgniter->run()
13 SYSTEMPATH\Boot.php(68): CodeIgniter\Boot::runCodeIgniter(Object(CodeIgniter\CodeIgniter))
14 FCPATH\index.php(59): CodeIgniter\Boot::bootWeb(Object(Config\Paths))
CRITICAL - 2026-06-28 16:33:25 --> CodeIgniter\Database\Exceptions\DatabaseException: Table 'pedidos.usuarios' doesn't exist
[Method: POST, Route: api/login]
in SYSTEMPATH\Database\BaseConnection.php on line 724.
 1 SYSTEMPATH\Database\BaseBuilder.php(1649): CodeIgniter\Database\BaseConnection->query('SELECT *
FROM `usuarios`
WHERE `email` = :email:
AND `usuarios`.`deleted_at` IS NULL
 LIMIT 1', [...], false)
 2 SYSTEMPATH\Model.php(296): CodeIgniter\Database\BaseBuilder->get()
 3 SYSTEMPATH\BaseModel.php(713): CodeIgniter\Model->doFirst()
 4 APPPATH\Models\UsuarioModel.php(26): CodeIgniter\BaseModel->first()
 5 APPPATH\Controllers\Api\AuthController.php(34): App\Models\UsuarioModel->findByEmail('admin@admin.com')
 6 SYSTEMPATH\CodeIgniter.php(951): App\Controllers\Api\AuthController->login()
 7 SYSTEMPATH\CodeIgniter.php(497): CodeIgniter\CodeIgniter->runController(Object(App\Controllers\Api\AuthController))
 8 SYSTEMPATH\CodeIgniter.php(340): CodeIgniter\CodeIgniter->handleRequest(null, Object(Config\Cache), false)
 9 SYSTEMPATH\Boot.php(417): CodeIgniter\CodeIgniter->run()
10 SYSTEMPATH\Boot.php(68): CodeIgniter\Boot::runCodeIgniter(Object(CodeIgniter\CodeIgniter))
11 FCPATH\index.php(59): CodeIgniter\Boot::bootWeb(Object(Config\Paths))
CRITICAL - 2026-06-28 16:33:25 --> [Caused by] CodeIgniter\Database\Exceptions\DatabaseException: Table 'pedidos.usuarios' doesn't exist
in SYSTEMPATH\Database\MySQLi\Connection.php on line 310.
 1 SYSTEMPATH\Database\BaseConnection.php(769): CodeIgniter\Database\MySQLi\Connection->execute('SELECT *
FROM `usuarios`
WHERE `email` = \'admin@admin.com\'
AND `usuarios`.`deleted_at` IS NULL
 LIMIT 1')
 2 SYSTEMPATH\Database\BaseConnection.php(686): CodeIgniter\Database\BaseConnection->simpleQuery('SELECT *
FROM `usuarios`
WHERE `email` = \'admin@admin.com\'
AND `usuarios`.`deleted_at` IS NULL
 LIMIT 1')
 3 SYSTEMPATH\Database\BaseBuilder.php(1649): CodeIgniter\Database\BaseConnection->query('SELECT *
FROM `usuarios`
WHERE `email` = :email:
AND `usuarios`.`deleted_at` IS NULL
 LIMIT 1', [...], false)
 4 SYSTEMPATH\Model.php(296): CodeIgniter\Database\BaseBuilder->get()
 5 SYSTEMPATH\BaseModel.php(713): CodeIgniter\Model->doFirst()
 6 APPPATH\Models\UsuarioModel.php(26): CodeIgniter\BaseModel->first()
 7 APPPATH\Controllers\Api\AuthController.php(34): App\Models\UsuarioModel->findByEmail('admin@admin.com')
 8 SYSTEMPATH\CodeIgniter.php(951): App\Controllers\Api\AuthController->login()
 9 SYSTEMPATH\CodeIgniter.php(497): CodeIgniter\CodeIgniter->runController(Object(App\Controllers\Api\AuthController))
10 SYSTEMPATH\CodeIgniter.php(340): CodeIgniter\CodeIgniter->handleRequest(null, Object(Config\Cache), false)
11 SYSTEMPATH\Boot.php(417): CodeIgniter\CodeIgniter->run()
12 SYSTEMPATH\Boot.php(68): CodeIgniter\Boot::runCodeIgniter(Object(CodeIgniter\CodeIgniter))
13 FCPATH\index.php(59): CodeIgniter\Boot::bootWeb(Object(Config\Paths))
CRITICAL - 2026-06-28 16:33:25 --> [Caused by] mysqli_sql_exception: Table 'pedidos.usuarios' doesn't exist
in SYSTEMPATH\Database\MySQLi\Connection.php on line 300.
 1 SYSTEMPATH\Database\MySQLi\Connection.php(300): mysqli->query('SELECT *
FROM `usuarios`
WHERE `email` = \'admin@admin.com\'
AND `usuarios`.`deleted_at` IS NULL
 LIMIT 1', 0)
 2 SYSTEMPATH\Database\BaseConnection.php(769): CodeIgniter\Database\MySQLi\Connection->execute('SELECT *
FROM `usuarios`
WHERE `email` = \'admin@admin.com\'
AND `usuarios`.`deleted_at` IS NULL
 LIMIT 1')
 3 SYSTEMPATH\Database\BaseConnection.php(686): CodeIgniter\Database\BaseConnection->simpleQuery('SELECT *
FROM `usuarios`
WHERE `email` = \'admin@admin.com\'
AND `usuarios`.`deleted_at` IS NULL
 LIMIT 1')
 4 SYSTEMPATH\Database\BaseBuilder.php(1649): CodeIgniter\Database\BaseConnection->query('SELECT *
FROM `usuarios`
WHERE `email` = :email:
AND `usuarios`.`deleted_at` IS NULL
 LIMIT 1', [...], false)
 5 SYSTEMPATH\Model.php(296): CodeIgniter\Database\BaseBuilder->get()
 6 SYSTEMPATH\BaseModel.php(713): CodeIgniter\Model->doFirst()
 7 APPPATH\Models\UsuarioModel.php(26): CodeIgniter\BaseModel->first()
 8 APPPATH\Controllers\Api\AuthController.php(34): App\Models\UsuarioModel->findByEmail('admin@admin.com')
 9 SYSTEMPATH\CodeIgniter.php(951): App\Controllers\Api\AuthController->login()
10 SYSTEMPATH\CodeIgniter.php(497): CodeIgniter\CodeIgniter->runController(Object(App\Controllers\Api\AuthController))
11 SYSTEMPATH\CodeIgniter.php(340): CodeIgniter\CodeIgniter->handleRequest(null, Object(Config\Cache), false)
12 SYSTEMPATH\Boot.php(417): CodeIgniter\CodeIgniter->run()
13 SYSTEMPATH\Boot.php(68): CodeIgniter\Boot::runCodeIgniter(Object(CodeIgniter\CodeIgniter))
14 FCPATH\index.php(59): CodeIgniter\Boot::bootWeb(Object(Config\Paths))
ERROR - 2026-06-28 16:33:49 --> Table 'pedidos.usuarios' doesn't exist
in SYSTEMPATH\Database\MySQLi\Connection.php on line 300.
 1 SYSTEMPATH\Database\MySQLi\Connection.php(300): mysqli->query('SELECT *
FROM `usuarios`
WHERE `email` = \'admin@admin.com\'
AND `usuarios`.`deleted_at` IS NULL
 LIMIT 1', 0)
 2 SYSTEMPATH\Database\BaseConnection.php(769): CodeIgniter\Database\MySQLi\Connection->execute('SELECT *
FROM `usuarios`
WHERE `email` = \'admin@admin.com\'
AND `usuarios`.`deleted_at` IS NULL
 LIMIT 1')
 3 SYSTEMPATH\Database\BaseConnection.php(686): CodeIgniter\Database\BaseConnection->simpleQuery('SELECT *
FROM `usuarios`
WHERE `email` = \'admin@admin.com\'
AND `usuarios`.`deleted_at` IS NULL
 LIMIT 1')
 4 SYSTEMPATH\Database\BaseBuilder.php(1649): CodeIgniter\Database\BaseConnection->query('SELECT *
FROM `usuarios`
WHERE `email` = :email:
AND `usuarios`.`deleted_at` IS NULL
 LIMIT 1', [...], false)
 5 SYSTEMPATH\Model.php(296): CodeIgniter\Database\BaseBuilder->get()
 6 SYSTEMPATH\BaseModel.php(713): CodeIgniter\Model->doFirst()
 7 APPPATH\Models\UsuarioModel.php(26): CodeIgniter\BaseModel->first()
 8 APPPATH\Controllers\Api\AuthController.php(34): App\Models\UsuarioModel->findByEmail('admin@admin.com')
 9 SYSTEMPATH\CodeIgniter.php(951): App\Controllers\Api\AuthController->login()
10 SYSTEMPATH\CodeIgniter.php(497): CodeIgniter\CodeIgniter->runController(Object(App\Controllers\Api\AuthController))
11 SYSTEMPATH\CodeIgniter.php(340): CodeIgniter\CodeIgniter->handleRequest(null, Object(Config\Cache), false)
12 SYSTEMPATH\Boot.php(417): CodeIgniter\CodeIgniter->run()
13 SYSTEMPATH\Boot.php(68): CodeIgniter\Boot::runCodeIgniter(Object(CodeIgniter\CodeIgniter))
14 FCPATH\index.php(59): CodeIgniter\Boot::bootWeb(Object(Config\Paths))
CRITICAL - 2026-06-28 16:33:49 --> CodeIgniter\Database\Exceptions\DatabaseException: Table 'pedidos.usuarios' doesn't exist
[Method: POST, Route: api/login]
in SYSTEMPATH\Database\BaseConnection.php on line 724.
 1 SYSTEMPATH\Database\BaseBuilder.php(1649): CodeIgniter\Database\BaseConnection->query('SELECT *
FROM `usuarios`
WHERE `email` = :email:
AND `usuarios`.`deleted_at` IS NULL
 LIMIT 1', [...], false)
 2 SYSTEMPATH\Model.php(296): CodeIgniter\Database\BaseBuilder->get()
 3 SYSTEMPATH\BaseModel.php(713): CodeIgniter\Model->doFirst()
 4 APPPATH\Models\UsuarioModel.php(26): CodeIgniter\BaseModel->first()
 5 APPPATH\Controllers\Api\AuthController.php(34): App\Models\UsuarioModel->findByEmail('admin@admin.com')
 6 SYSTEMPATH\CodeIgniter.php(951): App\Controllers\Api\AuthController->login()
 7 SYSTEMPATH\CodeIgniter.php(497): CodeIgniter\CodeIgniter->runController(Object(App\Controllers\Api\AuthController))
 8 SYSTEMPATH\CodeIgniter.php(340): CodeIgniter\CodeIgniter->handleRequest(null, Object(Config\Cache), false)
 9 SYSTEMPATH\Boot.php(417): CodeIgniter\CodeIgniter->run()
10 SYSTEMPATH\Boot.php(68): CodeIgniter\Boot::runCodeIgniter(Object(CodeIgniter\CodeIgniter))
11 FCPATH\index.php(59): CodeIgniter\Boot::bootWeb(Object(Config\Paths))
CRITICAL - 2026-06-28 16:33:49 --> [Caused by] CodeIgniter\Database\Exceptions\DatabaseException: Table 'pedidos.usuarios' doesn't exist
in SYSTEMPATH\Database\MySQLi\Connection.php on line 310.
 1 SYSTEMPATH\Database\BaseConnection.php(769): CodeIgniter\Database\MySQLi\Connection->execute('SELECT *
FROM `usuarios`
WHERE `email` = \'admin@admin.com\'
AND `usuarios`.`deleted_at` IS NULL
 LIMIT 1')
 2 SYSTEMPATH\Database\BaseConnection.php(686): CodeIgniter\Database\BaseConnection->simpleQuery('SELECT *
FROM `usuarios`
WHERE `email` = \'admin@admin.com\'
AND `usuarios`.`deleted_at` IS NULL
 LIMIT 1')
 3 SYSTEMPATH\Database\BaseBuilder.php(1649): CodeIgniter\Database\BaseConnection->query('SELECT *
FROM `usuarios`
WHERE `email` = :email:
AND `usuarios`.`deleted_at` IS NULL
 LIMIT 1', [...], false)
 4 SYSTEMPATH\Model.php(296): CodeIgniter\Database\BaseBuilder->get()
 5 SYSTEMPATH\BaseModel.php(713): CodeIgniter\Model->doFirst()
 6 APPPATH\Models\UsuarioModel.php(26): CodeIgniter\BaseModel->first()
 7 APPPATH\Controllers\Api\AuthController.php(34): App\Models\UsuarioModel->findByEmail('admin@admin.com')
 8 SYSTEMPATH\CodeIgniter.php(951): App\Controllers\Api\AuthController->login()
 9 SYSTEMPATH\CodeIgniter.php(497): CodeIgniter\CodeIgniter->runController(Object(App\Controllers\Api\AuthController))
10 SYSTEMPATH\CodeIgniter.php(340): CodeIgniter\CodeIgniter->handleRequest(null, Object(Config\Cache), false)
11 SYSTEMPATH\Boot.php(417): CodeIgniter\CodeIgniter->run()
12 SYSTEMPATH\Boot.php(68): CodeIgniter\Boot::runCodeIgniter(Object(CodeIgniter\CodeIgniter))
13 FCPATH\index.php(59): CodeIgniter\Boot::bootWeb(Object(Config\Paths))
CRITICAL - 2026-06-28 16:33:49 --> [Caused by] mysqli_sql_exception: Table 'pedidos.usuarios' doesn't exist
in SYSTEMPATH\Database\MySQLi\Connection.php on line 300.
 1 SYSTEMPATH\Database\MySQLi\Connection.php(300): mysqli->query('SELECT *
FROM `usuarios`
WHERE `email` = \'admin@admin.com\'
AND `usuarios`.`deleted_at` IS NULL
 LIMIT 1', 0)
 2 SYSTEMPATH\Database\BaseConnection.php(769): CodeIgniter\Database\MySQLi\Connection->execute('SELECT *
FROM `usuarios`
WHERE `email` = \'admin@admin.com\'
AND `usuarios`.`deleted_at` IS NULL
 LIMIT 1')
 3 SYSTEMPATH\Database\BaseConnection.php(686): CodeIgniter\Database\BaseConnection->simpleQuery('SELECT *
FROM `usuarios`
WHERE `email` = \'admin@admin.com\'
AND `usuarios`.`deleted_at` IS NULL
 LIMIT 1')
 4 SYSTEMPATH\Database\BaseBuilder.php(1649): CodeIgniter\Database\BaseConnection->query('SELECT *
FROM `usuarios`
WHERE `email` = :email:
AND `usuarios`.`deleted_at` IS NULL
 LIMIT 1', [...], false)
 5 SYSTEMPATH\Model.php(296): CodeIgniter\Database\BaseBuilder->get()
 6 SYSTEMPATH\BaseModel.php(713): CodeIgniter\Model->doFirst()
 7 APPPATH\Models\UsuarioModel.php(26): CodeIgniter\BaseModel->first()
 8 APPPATH\Controllers\Api\AuthController.php(34): App\Models\UsuarioModel->findByEmail('admin@admin.com')
 9 SYSTEMPATH\CodeIgniter.php(951): App\Controllers\Api\AuthController->login()
10 SYSTEMPATH\CodeIgniter.php(497): CodeIgniter\CodeIgniter->runController(Object(App\Controllers\Api\AuthController))
11 SYSTEMPATH\CodeIgniter.php(340): CodeIgniter\CodeIgniter->handleRequest(null, Object(Config\Cache), false)
12 SYSTEMPATH\Boot.php(417): CodeIgniter\CodeIgniter->run()
13 SYSTEMPATH\Boot.php(68): CodeIgniter\Boot::runCodeIgniter(Object(CodeIgniter\CodeIgniter))
14 FCPATH\index.php(59): CodeIgniter\Boot::bootWeb(Object(Config\Paths))
